551  DEBUG [2018-07-26 20:25:34]  Server:nginx/1.6.1
551  DEBUG [2018-07-26 20:25:34]  Date:Thu, 26 Jul 2018 12:27:05 GMT
551  DEBUG [2018-07-26 20:25:34]  Content-Type:application/json;charset=UTF-8
551  DEBUG [2018-07-26 20:25:34]  Transfer-Encoding:chunked
551  DEBUG [2018-07-26 20:25:34]  Connection:keep-alive
551  DEBUG [2018-07-26 20:25:34]  Vary:Accept-Encoding
552  DEBUG [2018-07-26 20:25:34]  {"error":"User requests out of rate limit!","error_code":10023,"request":"/2/users/show.json"}

558  DEBUG [2018-07-26 20:25:34]  Request:
558  DEBUG [2018-07-26 20:25:34]  GET:https://api.weibo.com/2/users/show.json
558  DEBUG [2018-07-26 20:25:34]  Authorization: OAuth2 2.00JPqsYF01fYTVdf8e3fd73e0Kuwry
559  DEBUG [2018-07-26 20:25:34]  API-RemoteIP: 10.9.94.36
571  DEBUG [2018-07-26 20:25:34]  Response:
571  DEBUG [2018-07-26 20:25:34]  https StatusCode:403
571  DEBUG [2018-07-26 20:25:34]  Server:nginx/1.6.1
571  DEBUG [2018-07-26 20:25:34]  Date:Thu, 26 Jul 2018 12:27:05 GMT
571  DEBUG [2018-07-26 20:25:34]  Content-Type:application/json;charset=UTF-8
571  DEBUG [2018-07-26 20:25:34]  Transfer-Encoding:chunked
571  DEBUG [2018-07-26 20:25:34]  Connection:keep-alive
571  DEBUG [2018-07-26 20:25:34]  Vary:Accept-Encoding
571  DEBUG [2018-07-26 20:25:34]  {"error":"User requests out of rate limit!","error_code":10023,"request":"/2/users/show.json"}

575  DEBUG [2018-07-26 20:25:34]  Request:
575  DEBUG [2018-07-26 20:25:34]  GET:https://api.weibo.com/2/users/show.json
575  DEBUG [2018-07-26 20:25:34]  Authorization: OAuth2 2.00JPqsYF01fYTVdf8e3fd73e0Kuwry
576  DEBUG [2018-07-26 20:25:34]  API-RemoteIP: 10.9.94.36
585  DEBUG [2018-07-26 20:25:34]  Response:
585  DEBUG [2018-07-26 20:25:34]  https StatusCode:403
585  DEBUG [2018-07-26 20:25:34]  Server:nginx/1.6.1
585  DEBUG [2018-07-26 20:25:34]  Date:Thu, 26 Jul 2018 12:27:05 GMT
585  DEBUG [2018-07-26 20:25:34]  Content-Type:application/json;charset=UTF-8
586  DEBUG [2018-07-26 20:25:34]  Transfer-Encoding:chunked
586  DEBUG [2018-07-26 20:25:34]  Connection:keep-alive
586  DEBUG [2018-07-26 20:25:34]  Vary:Accept-Encoding
586  DEBUG [2018-07-26 20:25:34]  {"error":"User requests out of rate limit!","error_code":10023,"request":"/2/users/show.json"}

588  DEBUG [2018-07-26 20:25:34]  Request:
588  DEBUG [2018-07-26 20:25:34]  GET:https://api.weibo.com/2/users/show.json
589  DEBUG [2018-07-26 20:25:34]  Authorization: OAuth2 2.00JPqsYF01fYTVdf8e3fd73e0Kuwry
589  DEBUG [2018-07-26 20:25:34]  API-RemoteIP: 10.9.94.36
602  DEBUG [2018-07-26 20:25:34]  Response:
602  DEBUG [2018-07-26 20:25:34]  https StatusCode:403
602  DEBUG [2018-07-26 20:25:34]  Server:nginx/1.6.1
602  DEBUG [2018-07-26 20:25:34]  Date:Thu, 26 Jul 2018 12:27:05 GMT
602  DEBUG [2018-07-26 20:25:34]  Content-Type:application/json;charset=UTF-8
602  DEBUG [2018-07-26 20:25:34]  Transfer-Encoding:chunked
602  DEBUG [2018-07-26 20:25:34]  Connection:keep-alive
602  DEBUG [2018-07-26 20:25:34]  Vary:Accept-Encoding
602  DEBUG [2018-07-26 20:25:34]  {"error":"User requests out of rate limit!","error_code":10023,"request":"/2/users/show.json"}

605  DEBUG [2018-07-26 20:25:34]  Request:
605  DEBUG [2018-07-26 20:25:34]  GET:https://api.weibo.com/2/users/show.json
605  DEBUG [2018-07-26 20:25:34]  Authorization: OAuth2 2.00JPqsYF01fYTVdf8e3fd73e0Kuwry
605  DEBUG [2018-07-26 20:25:34]  API-RemoteIP: 10.9.94.36
619  DEBUG [2018-07-26 20:25:34]  Response:
619  DEBUG [2018-07-26 20:25:34]  https StatusCode:403
619  DEBUG [2018-07-26 20:25:34]  Server:nginx/1.6.1
619  DEBUG [2018-07-26 20:25:34]  Date:Thu, 26 Jul 2018 12:27:05 GMT
619  DEBUG [2018-07-26 20:25:34]  Content-Type:application/json;charset=UTF-8
619  DEBUG [2018-07-26 20:25:34]  Transfer-Encoding:chunked
619  DEBUG [2018-07-26 20:25:34]  Connection:keep-alive
619  DEBUG [2018-07-26 20:25:34]  Vary:Accept-Encoding
620  DEBUG [2018-07-26 20:25:34]  {"error":"User requests out of rate limit!","error_code":10023,"request":"/2/users/show.json"}

627  DEBUG [2018-07-26 20:25:34]  Request:
627  DEBUG [2018-07-26 20:25:34]  GET:https://api.weibo.com/2/users/show.json
627  DEBUG [2018-07-26 20:25:34]  Authorization: OAuth2 2.00JPqsYF01fYTVdf8e3fd73e0Kuwry
627  DEBUG [2018-07-26 20:25:34]  API-RemoteIP: 10.9.94.36
645  DEBUG [2018-07-26 20:25:34]  Response:
645  DEBUG [2018-07-26 20:25:34]  https StatusCode:403
645  DEBUG [2018-07-26 20:25:34]  Server:nginx/1.6.1
645  DEBUG [2018-07-26 20:25:34]  Date:Thu, 26 Jul 2018 12:27:05 GMT
645  DEBUG [2018-07-26 20:25:34]  Content-Type:application/json;charset=UTF-8
645  DEBUG [2018-07-26 20:25:34]  Transfer-Encoding:chunked
645  DEBUG [2018-07-26 20:25:34]  Connection:keep-alive
645  DEBUG [2018-07-26 20:25:34]  Vary:Accept-Encoding
646  DEBUG [2018-07-26 20:25:34]  {"error":"User requests out of rate limit!","error_code":10023,"request":"/2/users/show.json"}

660  DEBUG [2018-07-26 20:25:34]  Request:
660  DEBUG [2018-07-26 20:25:34]  GET:https://api.weibo.com/2/users/show.json
661  DEBUG [2018-07-26 20:25:34]  Authorization: OAuth2 2.00JPqsYF01fYTVdf8e3fd73e0Kuwry
661  DEBUG [2018-07-26 20:25:34]  API-RemoteIP: 10.9.94.36
673  DEBUG [2018-07-26 20:25:34]  Response:
674  DEBUG [2018-07-26 20:25:34]  https StatusCode:403
674  DEBUG [2018-07-26 20:25:34]  Server:nginx/1.6.1
674  DEBUG [2018-07-26 20:25:34]  Date:Thu, 26 Jul 2018 12:27:05 GMT
674  DEBUG [2018-07-26 20:25:34]  Content-Type:application/json;charset=UTF-8
674  DEBUG [2018-07-26 20:25:34]  Transfer-Encoding:chunked
674  DEBUG [2018-07-26 20:25:34]  Connection:keep-alive
675  DEBUG [2018-07-26 20:25:34]  Vary:Accept-Encoding
676  DEBUG [2018-07-26 20:25:34]  {"error":"User requests out of rate limit!","error_code":10023,"request":"/2/users/show.json"}

680  DEBUG [2018-07-26 20:25:34]  Request:
680  DEBUG [2018-07-26 20:25:34]  GET:https://api.weibo.com/2/users/show.json
681  DEBUG [2018-07-26 20:25:34]  Authorization: OAuth2 2.00JPqsYF01fYTVdf8e3fd73e0Kuwry
681  DEBUG [2018-07-26 20:25:34]  API-RemoteIP: 10.9.94.36
692  DEBUG [2018-07-26 20:25:34]  Response:
692  DEBUG [2018-07-26 20:25:34]  https StatusCode:403
692  DEBUG [2018-07-26 20:25:34]  Server:nginx/1.6.1
692  DEBUG [2018-07-26 20:25:34]  Date:Thu, 26 Jul 2018 12:27:05 GMT
692  DEBUG [2018-07-26 20:25:34]  Content-Type:application/json;charset=UTF-8
692  DEBUG [2018-07-26 20:25:34]  Transfer-Encoding:chunked
692  DEBUG [2018-07-26 20:25:34]  Connection:keep-alive
692  DEBUG [2018-07-26 20:25:34]  Vary:Accept-Encoding
692  DEBUG [2018-07-26 20:25:34]  {"error":"User requests out of rate limit!","error_code":10023,"request":"/2/users/show.json"}

693  DEBUG [2018-07-26 20:25:34]  Request:
693  DEBUG [2018-07-26 20:25:34]  GET:https://api.weibo.com/2/users/show.json
694  DEBUG [2018-07-26 20:25:34]  Authorization: OAuth2 2.00JPqsYF01fYTVdf8e3fd73e0Kuwry
694  DEBUG [2018-07-26 20:25:34]  API-RemoteIP: 10.9.94.36
709  DEBUG [2018-07-26 20:25:34]  Response:
709  DEBUG [2018-07-26 20:25:34]  https StatusCode:403
709  DEBUG [2018-07-26 20:25:34]  Server:nginx/1.6.1
709  DEBUG [2018-07-26 20:25:34]  Date:Thu, 26 Jul 2018 12:27:05 GMT
709  DEBUG [2018-07-26 20:25:34]  Content-Type:application/json;charset=UTF-8
709  DEBUG [2018-07-26 20:25:34]  Transfer-Encoding:chunked
709  DEBUG [2018-07-26 20:25:34]  Connection:keep-alive
709  DEBUG [2018-07-26 20:25:34]  Vary:Accept-Encoding
709  DEBUG [2018-07-26 20:25:34]  {"error":"User requests out of rate limit!","error_code":10023,"request":"/2/users/show.json"}

711  DEBUG [2018-07-26 20:25:34]  Request:
711  DEBUG [2018-07-26 20:25:34]  GET:https://api.weibo.com/2/users/show.json
711  DEBUG [2018-07-26 20:25:34]  Authorization: OAuth2 2.00JPqsYF01fYTVdf8e3fd73e0Kuwry
711  DEBUG [2018-07-26 20:25:34]  API-RemoteIP: 10.9.94.36
724  DEBUG [2018-07-26 20:25:34]  Response:
724  DEBUG [2018-07-26 20:25:34]  https StatusCode:403
724  DEBUG [2018-07-26 20:25:34]  Server:nginx/1.6.1
724  DEBUG [2018-07-26 20:25:34]  Date:Thu, 26 Jul 2018 12:27:05 GMT
724  DEBUG [2018-07-26 20:25:34]  Content-Type:application/json;charset=UTF-8
724  DEBUG [2018-07-26 20:25:34]  Transfer-Encoding:chunked
724  DEBUG [2018-07-26 20:25:34]  Connection:keep-alive
724  DEBUG [2018-07-26 20:25:34]  Vary:Accept-Encoding
725  DEBUG [2018-07-26 20:25:34]  {"error":"User requests out of rate limit!","error_code":10023,"request":"/2/users/show.json"}

728  DEBUG [2018-07-26 20:25:34]  Request:
728  DEBUG [2018-07-26 20:25:34]  GET:https://api.weibo.com/2/users/show.json
728  DEBUG [2018-07-26 20:25:34]  Authorization: OAuth2 2.00JPqsYF01fYTVdf8e3fd73e0Kuwry
728  DEBUG [2018-07-26 20:25:34]  API-RemoteIP: 10.9.94.36
738  DEBUG [2018-07-26 20:25:34]  Response:
738  DEBUG [2018-07-26 20:25:34]  https StatusCode:403
738  DEBUG [2018-07-26 20:25:34]  Server:nginx/1.6.1
739  DEBUG [2018-07-26 20:25:34]  Date:Thu, 26 Jul 2018 12:27:05 GMT
739  DEBUG [2018-07-26 20:25:34]  Content-Type:application/json;charset=UTF-8
739  DEBUG [2018-07-26 20:25:34]  Transfer-Encoding:chunked
739  DEBUG [2018-07-26 20:25:34]  Connection:keep-alive
739  DEBUG [2018-07-26 20:25:34]  Vary:Accept-Encoding
740  DEBUG [2018-07-26 20:25:34]  {"error":"User requests out of rate limit!","error_code":10023,"request":"/2/users/show.json"}

744  DEBUG [2018-07-26 20:25:34]  Request:
744  DEBUG [2018-07-26 20:25:34]  GET:https://api.weibo.com/2/users/show.json
744  DEBUG [2018-07-26 20:25:34]  Authorization: OAuth2 2.00JPqsYF01fYTVdf8e3fd73e0Kuwry
744  DEBUG [2018-07-26 20:25:34]  API-RemoteIP: 10.9.94.36
756  DEBUG [2018-07-26 20:25:34]  Response:
756  DEBUG [2018-07-26 20:25:34]  https StatusCode:403
756  DEBUG [2018-07-26 20:25:34]  Server:nginx/1.6.1
756  DEBUG [2018-07-26 20:25:34]  Date:Thu, 26 Jul 2018 12:27:05 GMT
756  DEBUG [2018-07-26 20:25:34]  Content-Type:application/json;charset=UTF-8
756  DEBUG [2018-07-26 20:25:34]  Transfer-Encoding:chunked
756  DEBUG [2018-07-26 20:25:34]  Connection:keep-alive
756  DEBUG [2018-07-26 20:25:34]  Vary:Accept-Encoding
756  DEBUG [2018-07-26 20:25:34]  {"error":"User requests out of rate limit!","error_code":10023,"request":"/2/users/show.json"}

761  DEBUG [2018-07-26 20:25:34]  Request:
761  DEBUG [2018-07-26 20:25:34]  GET:https://api.weibo.com/2/users/show.json
761  DEBUG [2018-07-26 20:25:34]  Authorization: OAuth2 2.00JPqsYF01fYTVdf8e3fd73e0Kuwry
761  DEBUG [2018-07-26 20:25:34]  API-RemoteIP: 10.9.94.36
786  DEBUG [2018-07-26 20:25:34]  Response:
786  DEBUG [2018-07-26 20:25:34]  https StatusCode:403
786  DEBUG [2018-07-26 20:25:34]  Server:nginx/1.6.1
786  DEBUG [2018-07-26 20:25:34]  Date:Thu, 26 Jul 2018 12:27:05 GMT
786  DEBUG [2018-07-26 20:25:34]  Content-Type:application/json;charset=UTF-8
786  DEBUG [2018-07-26 20:25:34]  Transfer-Encoding:chunked
786  DEBUG [2018-07-26 20:25:34]  Connection:keep-alive
786  DEBUG [2018-07-26 20:25:34]  Vary:Accept-Encoding
787  DEBUG [2018-07-26 20:25:34]  {"error":"User requests out of rate limit!","error_code":10023,"request":"/2/users/show.json"}

788  DEBUG [2018-07-26 20:25:34]  Request:
788  DEBUG [2018-07-26 20:25:34]  GET:https://api.weibo.com/2/users/show.json
789  DEBUG [2018-07-26 20:25:34]  Authorization: OAuth2 2.00JPqsYF01fYTVdf8e3fd73e0Kuwry
789  DEBUG [2018-07-26 20:25:34]  API-RemoteIP: 10.9.94.36
802  DEBUG [2018-07-26 20:25:34]  Response:
802  DEBUG [2018-07-26 20:25:34]  https StatusCode:403
802  DEBUG [2018-07-26 20:25:34]  Server:nginx/1.6.1
802  DEBUG [2018-07-26 20:25:34]  Date:Thu, 26 Jul 2018 12:27:05 GMT
802  DEBUG [2018-07-26 20:25:34]  Content-Type:application/json;charset=UTF-8
802  DEBUG [2018-07-26 20:25:34]  Transfer-Encoding:chunked
802  DEBUG [2018-07-26 20:25:34]  Connection:keep-alive
802  DEBUG [2018-07-26 20:25:34]  Vary:Accept-Encoding
803  DEBUG [2018-07-26 20:25:34]  {"error":"User requests out of rate limit!","error_code":10023,"request":"/2/users/show.json"}

804  DEBUG [2018-07-26 20:25:34]  Request:
805  DEBUG [2018-07-26 20:25:34]  GET:https://api.weibo.com/2/users/show.json
805  DEBUG [2018-07-26 20:25:34]  Authorization: OAuth2 2.00JPqsYF01fYTVdf8e3fd73e0Kuwry
805  DEBUG [2018-07-26 20:25:34]  API-RemoteIP: 10.9.94.36
819  DEBUG [2018-07-26 20:25:34]  Response:
819  DEBUG [2018-07-26 20:25:34]  https StatusCode:403
819  DEBUG [2018-07-26 20:25:34]  Server:nginx/1.6.1
819  DEBUG [2018-07-26 20:25:34]  Date:Thu, 26 Jul 2018 12:27:05 GMT
819  DEBUG [2018-07-26 20:25:34]  Content-Type:application/json;charset=UTF-8
820  DEBUG [2018-07-26 20:25:34]  Transfer-Encoding:chunked
820  DEBUG [2018-07-26 20:25:34]  Connection:keep-alive
820  DEBUG [2018-07-26 20:25:34]  Vary:Accept-Encoding
820  DEBUG [2018-07-26 20:25:34]  {"error":"User requests out of rate limit!","error_code":10023,"request":"/2/users/show.json"}

826  DEBUG [2018-07-26 20:25:34]  Request:
827  DEBUG [2018-07-26 20:25:34]  GET:https://api.weibo.com/2/users/show.json
827  DEBUG [2018-07-26 20:25:34]  Authorization: OAuth2 2.00JPqsYF01fYTVdf8e3fd73e0Kuwry
827  DEBUG [2018-07-26 20:25:34]  API-RemoteIP: 10.9.94.36
837  DEBUG [2018-07-26 20:25:34]  Response:
838  DEBUG [2018-07-26 20:25:34]  https StatusCode:403
838  DEBUG [2018-07-26 20:25:34]  Server:nginx/1.6.1
838  DEBUG [2018-07-26 20:25:34]  Date:Thu, 26 Jul 2018 12:27:05 GMT
838  DEBUG [2018-07-26 20:25:34]  Content-Type:application/json;charset=UTF-8
838  DEBUG [2018-07-26 20:25:34]  Transfer-Encoding:chunked
838  DEBUG [2018-07-26 20:25:34]  Connection:keep-alive
838  DEBUG [2018-07-26 20:25:34]  Vary:Accept-Encoding
838  DEBUG [2018-07-26 20:25:34]  {"error":"User requests out of rate limit!","error_code":10023,"request":"/2/users/show.json"}

840  DEBUG [2018-07-26 20:25:34]  Request:
840  DEBUG [2018-07-26 20:25:34]  GET:https://api.weibo.com/2/users/show.json
840  DEBUG [2018-07-26 20:25:34]  Authorization: OAuth2 2.00JPqsYF01fYTVdf8e3fd73e0Kuwry
840  DEBUG [2018-07-26 20:25:34]  API-RemoteIP: 10.9.94.36
849  DEBUG [2018-07-26 20:25:34]  Response:
850  DEBUG [2018-07-26 20:25:34]  https StatusCode:403
850  DEBUG [2018-07-26 20:25:34]  Server:nginx/1.6.1
850  DEBUG [2018-07-26 20:25:34]  Date:Thu, 26 Jul 2018 12:27:05 GMT
850  DEBUG [2018-07-26 20:25:34]  Content-Type:application/json;charset=UTF-8
850  DEBUG [2018-07-26 20:25:34]  Transfer-Encoding:chunked
850  DEBUG [2018-07-26 20:25:34]  Connection:keep-alive
850  DEBUG [2018-07-26 20:25:34]  Vary:Accept-Encoding
850  DEBUG [2018-07-26 20:25:34]  {"error":"User requests out of rate limit!","error_code":10023,"request":"/2/users/show.json"}

852  DEBUG [2018-07-26 20:25:34]  Request:
852  DEBUG [2018-07-26 20:25:34]  GET:https://api.weibo.com/2/users/show.json
853  DEBUG [2018-07-26 20:25:34]  Authorization: OAuth2 2.00JPqsYF01fYTVdf8e3fd73e0Kuwry
853  DEBUG [2018-07-26 20:25:34]  API-RemoteIP: 10.9.94.36
865  DEBUG [2018-07-26 20:25:34]  Response:
865  DEBUG [2018-07-26 20:25:34]  https StatusCode:403
865  DEBUG [2018-07-26 20:25:34]  Server:nginx/1.6.1
865  DEBUG [2018-07-26 20:25:34]  Date:Thu, 26 Jul 2018 12:27:05 GMT
865  DEBUG [2018-07-26 20:25:34]  Content-Type:application/json;charset=UTF-8
865  DEBUG [2018-07-26 20:25:34]  Transfer-Encoding:chunked
865  DEBUG [2018-07-26 20:25:34]  Connection:keep-alive
865  DEBUG [2018-07-26 20:25:34]  Vary:Accept-Encoding
865  DEBUG [2018-07-26 20:25:34]  {"error":"User requests out of rate limit!","error_code":10023,"request":"/2/users/show.json"}

869  DEBUG [2018-07-26 20:25:34]  Request:
869  DEBUG [2018-07-26 20:25:34]  GET:https://api.weibo.com/2/users/show.json
870  DEBUG [2018-07-26 20:25:34]  Authorization: OAuth2 2.00JPqsYF01fYTVdf8e3fd73e0Kuwry
870  DEBUG [2018-07-26 20:25:34]  API-RemoteIP: 10.9.94.36
883  DEBUG [2018-07-26 20:25:34]  Response:
884  DEBUG [2018-07-26 20:25:34]  https StatusCode:403
884  DEBUG [2018-07-26 20:25:34]  Server:nginx/1.6.1
884  DEBUG [2018-07-26 20:25:34]  Date:Thu, 26 Jul 2018 12:27:05 GMT
884  DEBUG [2018-07-26 20:25:34]  Content-Type:application/json;charset=UTF-8
884  DEBUG [2018-07-26 20:25:34]  Transfer-Encoding:chunked
884  DEBUG [2018-07-26 20:25:34]  Connection:keep-alive
884  DEBUG [2018-07-26 20:25:34]  Vary:Accept-Encoding
884  DEBUG [2018-07-26 20:25:34]  {"error":"User requests out of rate limit!","error_code":10023,"request":"/2/users/show.json"}

887  DEBUG [2018-07-26 20:25:34]  Request:
887  DEBUG [2018-07-26 20:25:34]  GET:https://api.weibo.com/2/users/show.json
888  DEBUG [2018-07-26 20:25:34]  Authorization: OAuth2 2.00JPqsYF01fYTVdf8e3fd73e0Kuwry
888  DEBUG [2018-07-26 20:25:34]  API-RemoteIP: 10.9.94.36
902  DEBUG [2018-07-26 20:25:34]  Response:
903  DEBUG [2018-07-26 20:25:34]  https StatusCode:403
903  DEBUG [2018-07-26 20:25:34]  Server:nginx/1.6.1
903  DEBUG [2018-07-26 20:25:34]  Date:Thu, 26 Jul 2018 12:27:05 GMT
903  DEBUG [2018-07-26 20:25:34]  Content-Type:application/json;charset=UTF-8
903  DEBUG [2018-07-26 20:25:34]  Transfer-Encoding:chunked
903  DEBUG [2018-07-26 20:25:34]  Connection:keep-alive
903  DEBUG [2018-07-26 20:25:34]  Vary:Accept-Encoding
904  DEBUG [2018-07-26 20:25:34]  {"error":"User requests out of rate limit!","error_code":10023,"request":"/2/users/show.json"}

906  DEBUG [2018-07-26 20:25:34]  Request:
906  DEBUG [2018-07-26 20:25:34]  GET:https://api.weibo.com/2/users/show.json
906  DEBUG [2018-07-26 20:25:34]  Authorization: OAuth2 2.00JPqsYF01fYTVdf8e3fd73e0Kuwry
906  DEBUG [2018-07-26 20:25:34]  API-RemoteIP: 10.9.94.36
916  DEBUG [2018-07-26 20:25:34]  Response:
917  DEBUG [2018-07-26 20:25:34]  https StatusCode:403
917  DEBUG [2018-07-26 20:25:34]  Server:nginx/1.6.1
917  DEBUG [2018-07-26 20:25:34]  Date:Thu, 26 Jul 2018 12:27:05 GMT
917  DEBUG [2018-07-26 20:25:34]  Content-Type:application/json;charset=UTF-8
917  DEBUG [2018-07-26 20:25:34]  Transfer-Encoding:chunked
917  DEBUG [2018-07-26 20:25:34]  Connection:keep-alive
917  DEBUG [2018-07-26 20:25:34]  Vary:Accept-Encoding
917  DEBUG [2018-07-26 20:25:34]  {"error":"User requests out of rate limit!","error_code":10023,"request":"/2/users/show.json"}

922  DEBUG [2018-07-26 20:25:34]  Request:
922  DEBUG [2018-07-26 20:25:34]  GET:https://api.weibo.com/2/users/show.json
922  DEBUG [2018-07-26 20:25:34]  Authorization: OAuth2 2.00JPqsYF01fYTVdf8e3fd73e0Kuwry
923  DEBUG [2018-07-26 20:25:34]  API-RemoteIP: 10.9.94.36
936  DEBUG [2018-07-26 20:25:34]  Response:
936  DEBUG [2018-07-26 20:25:34]  https StatusCode:403
936  DEBUG [2018-07-26 20:25:34]  Server:nginx/1.6.1
936  DEBUG [2018-07-26 20:25:34]  Date:Thu, 26 Jul 2018 12:27:05 GMT
936  DEBUG [2018-07-26 20:25:34]  Content-Type:application/json;charset=UTF-8
936  DEBUG [2018-07-26 20:25:34]  Transfer-Encoding:chunked
936  DEBUG [2018-07-26 20:25:34]  Connection:keep-alive
936  DEBUG [2018-07-26 20:25:34]  Vary:Accept-Encoding
937  DEBUG [2018-07-26 20:25:34]  {"error":"User requests out of rate limit!","error_code":10023,"request":"/2/users/show.json"}

940  DEBUG [2018-07-26 20:25:34]  Request:
940  DEBUG [2018-07-26 20:25:34]  GET:https://api.weibo.com/2/users/show.json
941  DEBUG [2018-07-26 20:25:34]  Authorization: OAuth2 2.00JPqsYF01fYTVdf8e3fd73e0Kuwry
941  DEBUG [2018-07-26 20:25:34]  API-RemoteIP: 10.9.94.36
952  DEBUG [2018-07-26 20:25:34]  Response:
952  DEBUG [2018-07-26 20:25:34]  https StatusCode:403
952  DEBUG [2018-07-26 20:25:34]  Server:nginx/1.6.1
952  DEBUG [2018-07-26 20:25:34]  Date:Thu, 26 Jul 2018 12:27:05 GMT
952  DEBUG [2018-07-26 20:25:34]  Content-Type:application/json;charset=UTF-8
952  DEBUG [2018-07-26 20:25:34]  Transfer-Encoding:chunked
952  DEBUG [2018-07-26 20:25:34]  Connection:keep-alive
952  DEBUG [2018-07-26 20:25:34]  Vary:Accept-Encoding
954  DEBUG [2018-07-26 20:25:34]  {"error":"User requests out of rate limit!","error_code":10023,"request":"/2/users/show.json"}

957  DEBUG [2018-07-26 20:25:34]  Request:
958  DEBUG [2018-07-26 20:25:34]  GET:https://api.weibo.com/2/users/show.json
958  DEBUG [2018-07-26 20:25:34]  Authorization: OAuth2 2.00JPqsYF01fYTVdf8e3fd73e0Kuwry
958  DEBUG [2018-07-26 20:25:34]  API-RemoteIP: 10.9.94.36
967  DEBUG [2018-07-26 20:25:34]  Response:
967  DEBUG [2018-07-26 20:25:34]  https StatusCode:403
967  DEBUG [2018-07-26 20:25:34]  Server:nginx/1.6.1
967  DEBUG [2018-07-26 20:25:34]  Date:Thu, 26 Jul 2018 12:27:05 GMT
967  DEBUG [2018-07-26 20:25:34]  Content-Type:application/json;charset=UTF-8
967  DEBUG [2018-07-26 20:25:34]  Transfer-Encoding:chunked
967  DEBUG [2018-07-26 20:25:34]  Connection:keep-alive
967  DEBUG [2018-07-26 20:25:34]  Vary:Accept-Encoding
968  DEBUG [2018-07-26 20:25:34]  {"error":"User requests out of rate limit!","error_code":10023,"request":"/2/users/show.json"}

970  DEBUG [2018-07-26 20:25:34]  Request:
970  DEBUG [2018-07-26 20:25:34]  GET:https://api.weibo.com/2/users/show.json
970  DEBUG [2018-07-26 20:25:34]  Authorization: OAuth2 2.00JPqsYF01fYTVdf8e3fd73e0Kuwry
970  DEBUG [2018-07-26 20:25:34]  API-RemoteIP: 10.9.94.36
979  DEBUG [2018-07-26 20:25:34]  Response:
980  DEBUG [2018-07-26 20:25:34]  https StatusCode:403
980  DEBUG [2018-07-26 20:25:34]  Server:nginx/1.6.1
980  DEBUG [2018-07-26 20:25:34]  Date:Thu, 26 Jul 2018 12:27:05 GMT
980  DEBUG [2018-07-26 20:25:34]  Content-Type:application/json;charset=UTF-8
980  DEBUG [2018-07-26 20:25:34]  Transfer-Encoding:chunked
980  DEBUG [2018-07-26 20:25:34]  Connection:keep-alive
980  DEBUG [2018-07-26 20:25:34]  Vary:Accept-Encoding
980  DEBUG [2018-07-26 20:25:34]  {"error":"User requests out of rate limit!","error_code":10023,"request":"/2/users/show.json"}

983  DEBUG [2018-07-26 20:25:34]  Request:
983  DEBUG [2018-07-26 20:25:34]  GET:https://api.weibo.com/2/users/show.json
984  DEBUG [2018-07-26 20:25:34]  Authorization: OAuth2 2.00JPqsYF01fYTVdf8e3fd73e0Kuwry
984  DEBUG [2018-07-26 20:25:34]  API-RemoteIP: 10.9.94.36
996  DEBUG [2018-07-26 20:25:34]  Response:
997  DEBUG [2018-07-26 20:25:34]  https StatusCode:403
997  DEBUG [2018-07-26 20:25:34]  Server:nginx/1.6.1
997  DEBUG [2018-07-26 20:25:34]  Date:Thu, 26 Jul 2018 12:27:05 GMT
997  DEBUG [2018-07-26 20:25:34]  Content-Type:application/json;charset=UTF-8
997  DEBUG [2018-07-26 20:25:34]  Transfer-Encoding:chunked
997  DEBUG [2018-07-26 20:25:34]  Connection:keep-alive
997  DEBUG [2018-07-26 20:25:34]  Vary:Accept-Encoding
997  DEBUG [2018-07-26 20:25:34]  {"error":"User requests out of rate limit!","error_code":10023,"request":"/2/users/show.json"}

1000 DEBUG [2018-07-26 20:25:34]  Request:
1000 DEBUG [2018-07-26 20:25:34]  GET:https://api.weibo.com/2/users/show.json
1000 DEBUG [2018-07-26 20:25:34]  Authorization: OAuth2 2.00JPqsYF01fYTVdf8e3fd73e0Kuwry
1000 DEBUG [2018-07-26 20:25:34]  API-RemoteIP: 10.9.94.36
1011 DEBUG [2018-07-26 20:25:34]  Response:
1011 DEBUG [2018-07-26 20:25:34]  https StatusCode:403
1011 DEBUG [2018-07-26 20:25:34]  Server:nginx/1.6.1
1011 DEBUG [2018-07-26 20:25:34]  Date:Thu, 26 Jul 2018 12:27:05 GMT
1011 DEBUG [2018-07-26 20:25:34]  Content-Type:application/json;charset=UTF-8
1011 DEBUG [2018-07-26 20:25:34]  Transfer-Encoding:chunked
1011 DEBUG [2018-07-26 20:25:34]  Connection:keep-alive
1011 DEBUG [2018-07-26 20:25:34]  Vary:Accept-Encoding
1012 DEBUG [2018-07-26 20:25:34]  {"error":"User requests out of rate limit!","error_code":10023,"request":"/2/users/show.json"}

1014 DEBUG [2018-07-26 20:25:34]  Request:
1014 DEBUG [2018-07-26 20:25:34]  GET:https://api.weibo.com/2/users/show.json
1015 DEBUG [2018-07-26 20:25:34]  Authorization: OAuth2 2.00JPqsYF01fYTVdf8e3fd73e0Kuwry
1015 DEBUG [2018-07-26 20:25:34]  API-RemoteIP: 10.9.94.36
1027 DEBUG [2018-07-26 20:25:34]  Response:
1027 DEBUG [2018-07-26 20:25:34]  https StatusCode:403
1027 DEBUG [2018-07-26 20:25:34]  Server:nginx/1.6.1
1027 DEBUG [2018-07-26 20:25:34]  Date:Thu, 26 Jul 2018 12:27:05 GMT
1027 DEBUG [2018-07-26 20:25:34]  Content-Type:application/json;charset=UTF-8
1027 DEBUG [2018-07-26 20:25:34]  Transfer-Encoding:chunked
1027 DEBUG [2018-07-26 20:25:34]  Connection:keep-alive
1027 DEBUG [2018-07-26 20:25:34]  Vary:Accept-Encoding
1027 DEBUG [2018-07-26 20:25:34]  {"error":"User requests out of rate limit!","error_code":10023,"request":"/2/users/show.json"}

1030 DEBUG [2018-07-26 20:25:34]  Request:
1030 DEBUG [2018-07-26 20:25:34]  GET:https://api.weibo.com/2/users/show.json
1030 DEBUG [2018-07-26 20:25:34]  Authorization: OAuth2 2.00JPqsYF01fYTVdf8e3fd73e0Kuwry
1030 DEBUG [2018-07-26 20:25:34]  API-RemoteIP: 10.9.94.36
1043 DEBUG [2018-07-26 20:25:34]  Response:
1043 DEBUG [2018-07-26 20:25:34]  https StatusCode:403
1043 DEBUG [2018-07-26 20:25:34]  Server:nginx/1.6.1
1043 DEBUG [2018-07-26 20:25:34]  Date:Thu, 26 Jul 2018 12:27:05 GMT
1043 DEBUG [2018-07-26 20:25:34]  Content-Type:application/json;charset=UTF-8
1043 DEBUG [2018-07-26 20:25:34]  Transfer-Encoding:chunked
1043 DEBUG [2018-07-26 20:25:34]  Connection:keep-alive
1043 DEBUG [2018-07-26 20:25:34]  Vary:Accept-Encoding
1044 DEBUG [2018-07-26 20:25:34]  {"error":"User requests out of rate limit!","error_code":10023,"request":"/2/users/show.json"}

1046 DEBUG [2018-07-26 20:25:34]  Request:
1046 DEBUG [2018-07-26 20:25:34]  GET:https://api.weibo.com/2/users/show.json
1047 DEBUG [2018-07-26 20:25:34]  Authorization: OAuth2 2.00JPqsYF01fYTVdf8e3fd73e0Kuwry
1047 DEBUG [2018-07-26 20:25:34]  API-RemoteIP: 10.9.94.36
1058 DEBUG [2018-07-26 20:25:34]  Response:
1058 DEBUG [2018-07-26 20:25:34]  https StatusCode:403
1058 DEBUG [2018-07-26 20:25:34]  Server:nginx/1.6.1
1058 DEBUG [2018-07-26 20:25:34]  Date:Thu, 26 Jul 2018 12:27:05 GMT
1058 DEBUG [2018-07-26 20:25:34]  Content-Type:application/json;charset=UTF-8
1058 DEBUG [2018-07-26 20:25:34]  Transfer-Encoding:chunked
1058 DEBUG [2018-07-26 20:25:34]  Connection:keep-alive
1058 DEBUG [2018-07-26 20:25:34]  Vary:Accept-Encoding
1058 DEBUG [2018-07-26 20:25:34]  {"error":"User requests out of rate limit!","error_code":10023,"request":"/2/users/show.json"}

1062 DEBUG [2018-07-26 20:25:34]  Request:
1063 DEBUG [2018-07-26 20:25:34]  GET:https://api.weibo.com/2/users/show.json
1063 DEBUG [2018-07-26 20:25:34]  Authorization: OAuth2 2.00JPqsYF01fYTVdf8e3fd73e0Kuwry
1063 DEBUG [2018-07-26 20:25:34]  API-RemoteIP: 10.9.94.36
1071 DEBUG [2018-07-26 20:25:34]  Response:
1071 DEBUG [2018-07-26 20:25:34]  https StatusCode:403
1071 DEBUG [2018-07-26 20:25:34]  Server:nginx/1.6.1
1071 DEBUG [2018-07-26 20:25:34]  Date:Thu, 26 Jul 2018 12:27:05 GMT
1071 DEBUG [2018-07-26 20:25:34]  Content-Type:application/json;charset=UTF-8
1071 DEBUG [2018-07-26 20:25:34]  Transfer-Encoding:chunked
1071 DEBUG [2018-07-26 20:25:34]  Connection:keep-alive
1071 DEBUG [2018-07-26 20:25:34]  Vary:Accept-Encoding
1072 DEBUG [2018-07-26 20:25:34]  {"error":"User requests out of rate limit!","error_code":10023,"request":"/2/users/show.json"}

1074 DEBUG [2018-07-26 20:25:34]  Request:
1075 DEBUG [2018-07-26 20:25:34]  GET:https://api.weibo.com/2/users/show.json
1075 DEBUG [2018-07-26 20:25:34]  Authorization: OAuth2 2.00JPqsYF01fYTVdf8e3fd73e0Kuwry
1075 DEBUG [2018-07-26 20:25:34]  API-RemoteIP: 10.9.94.36
1085 DEBUG [2018-07-26 20:25:34]  Response:
1085 DEBUG [2018-07-26 20:25:34]  https StatusCode:403
1086 DEBUG [2018-07-26 20:25:34]  Server:nginx/1.6.1
1086 DEBUG [2018-07-26 20:25:34]  Date:Thu, 26 Jul 2018 12:27:05 GMT
1086 DEBUG [2018-07-26 20:25:34]  Content-Type:application/json;charset=UTF-8
1086 DEBUG [2018-07-26 20:25:34]  Transfer-Encoding:chunked
1086 DEBUG [2018-07-26 20:25:34]  Connection:keep-alive
1086 DEBUG [2018-07-26 20:25:34]  Vary:Accept-Encoding
1086 DEBUG [2018-07-26 20:25:34]  {"error":"User requests out of rate limit!","error_code":10023,"request":"/2/users/show.json"}

1090 DEBUG [2018-07-26 20:25:34]  Request:
1090 DEBUG [2018-07-26 20:25:34]  GET:https://api.weibo.com/2/users/show.json
1090 DEBUG [2018-07-26 20:25:34]  Authorization: OAuth2 2.00JPqsYF01fYTVdf8e3fd73e0Kuwry
1090 DEBUG [2018-07-26 20:25:34]  API-RemoteIP: 10.9.94.36
1103 DEBUG [2018-07-26 20:25:34]  Response:
1103 DEBUG [2018-07-26 20:25:34]  https StatusCode:403
1103 DEBUG [2018-07-26 20:25:34]  Server:nginx/1.6.1
1103 DEBUG [2018-07-26 20:25:34]  Date:Thu, 26 Jul 2018 12:27:05 GMT
1103 DEBUG [2018-07-26 20:25:34]  Content-Type:application/json;charset=UTF-8
1103 DEBUG [2018-07-26 20:25:34]  Transfer-Encoding:chunked
1103 DEBUG [2018-07-26 20:25:34]  Connection:keep-alive
1103 DEBUG [2018-07-26 20:25:34]  Vary:Accept-Encoding
1105 DEBUG [2018-07-26 20:25:34]  {"error":"User requests out of rate limit!","error_code":10023,"request":"/2/users/show.json"}

1108 DEBUG [2018-07-26 20:25:34]  Request:
1108 DEBUG [2018-07-26 20:25:34]  GET:https://api.weibo.com/2/users/show.json
1108 DEBUG [2018-07-26 20:25:34]  Authorization: OAuth2 2.00JPqsYF01fYTVdf8e3fd73e0Kuwry
1108 DEBUG [2018-07-26 20:25:34]  API-RemoteIP: 10.9.94.36
1121 DEBUG [2018-07-26 20:25:35]  Response:
1121 DEBUG [2018-07-26 20:25:35]  https StatusCode:403
1121 DEBUG [2018-07-26 20:25:35]  Server:nginx/1.6.1
1121 DEBUG [2018-07-26 20:25:35]  Date:Thu, 26 Jul 2018 12:27:05 GMT
1121 DEBUG [2018-07-26 20:25:35]  Content-Type:application/json;charset=UTF-8
1121 DEBUG [2018-07-26 20:25:35]  Transfer-Encoding:chunked
1121 DEBUG [2018-07-26 20:25:35]  Connection:keep-alive
1121 DEBUG [2018-07-26 20:25:35]  Vary:Accept-Encoding
1121 DEBUG [2018-07-26 20:25:35]  {"error":"User requests out of rate limit!","error_code":10023,"request":"/2/users/show.json"}

1125 DEBUG [2018-07-26 20:25:35]  Request:
1125 DEBUG [2018-07-26 20:25:35]  GET:https://api.weibo.com/2/users/show.json
1125 DEBUG [2018-07-26 20:25:35]  Authorization: OAuth2 2.00JPqsYF01fYTVdf8e3fd73e0Kuwry
1125 DEBUG [2018-07-26 20:25:35]  API-RemoteIP: 10.9.94.36
1136 DEBUG [2018-07-26 20:25:35]  Response:
1136 DEBUG [2018-07-26 20:25:35]  https StatusCode:403
1136 DEBUG [2018-07-26 20:25:35]  Server:nginx/1.6.1
1136 DEBUG [2018-07-26 20:25:35]  Date:Thu, 26 Jul 2018 12:27:05 GMT
1136 DEBUG [2018-07-26 20:25:35]  Content-Type:application/json;charset=UTF-8
1136 DEBUG [2018-07-26 20:25:35]  Transfer-Encoding:chunked
1136 DEBUG [2018-07-26 20:25:35]  Connection:keep-alive
1136 DEBUG [2018-07-26 20:25:35]  Vary:Accept-Encoding
1137 DEBUG [2018-07-26 20:25:35]  {"error":"User requests out of rate limit!","error_code":10023,"request":"/2/users/show.json"}

1139 DEBUG [2018-07-26 20:25:35]  Request:
1139 DEBUG [2018-07-26 20:25:35]  GET:https://api.weibo.com/2/users/show.json
1140 DEBUG [2018-07-26 20:25:35]  Authorization: OAuth2 2.00JPqsYF01fYTVdf8e3fd73e0Kuwry
1140 DEBUG [2018-07-26 20:25:35]  API-RemoteIP: 10.9.94.36
1151 DEBUG [2018-07-26 20:25:35]  Response:
1151 DEBUG [2018-07-26 20:25:35]  https StatusCode:403
1151 DEBUG [2018-07-26 20:25:35]  Server:nginx/1.6.1
1151 DEBUG [2018-07-26 20:25:35]  Date:Thu, 26 Jul 2018 12:27:05 GMT
1151 DEBUG [2018-07-26 20:25:35]  Content-Type:application/json;charset=UTF-8
1151 DEBUG [2018-07-26 20:25:35]  Transfer-Encoding:chunked
1151 DEBUG [2018-07-26 20:25:35]  Connection:keep-alive
1151 DEBUG [2018-07-26 20:25:35]  Vary:Accept-Encoding
1152 DEBUG [2018-07-26 20:25:35]  {"error":"User requests out of rate limit!","error_code":10023,"request":"/2/users/show.json"}

1156 DEBUG [2018-07-26 20:25:35]  Request:
1156 DEBUG [2018-07-26 20:25:35]  GET:https://api.weibo.com/2/users/show.json
1156 DEBUG [2018-07-26 20:25:35]  Authorization: OAuth2 2.00JPqsYF01fYTVdf8e3fd73e0Kuwry
1157 DEBUG [2018-07-26 20:25:35]  API-RemoteIP: 10.9.94.36
1166 DEBUG [2018-07-26 20:25:35]  Response:
1167 DEBUG [2018-07-26 20:25:35]  https StatusCode:403
1167 DEBUG [2018-07-26 20:25:35]  Server:nginx/1.6.1
1167 DEBUG [2018-07-26 20:25:35]  Date:Thu, 26 Jul 2018 12:27:05 GMT
1167 DEBUG [2018-07-26 20:25:35]  Content-Type:application/json;charset=UTF-8
1167 DEBUG [2018-07-26 20:25:35]  Transfer-Encoding:chunked
1167 DEBUG [2018-07-26 20:25:35]  Connection:keep-alive
1167 DEBUG [2018-07-26 20:25:35]  Vary:Accept-Encoding
1167 DEBUG [2018-07-26 20:25:35]  {"error":"User requests out of rate limit!","error_code":10023,"request":"/2/users/show.json"}

1173 DEBUG [2018-07-26 20:25:35]  Request:
1173 DEBUG [2018-07-26 20:25:35]  GET:https://api.weibo.com/2/users/show.json
1174 DEBUG [2018-07-26 20:25:35]  Authorization: OAuth2 2.00JPqsYF01fYTVdf8e3fd73e0Kuwry
1174 DEBUG [2018-07-26 20:25:35]  API-RemoteIP: 10.9.94.36
1185 DEBUG [2018-07-26 20:25:35]  Response:
1185 DEBUG [2018-07-26 20:25:35]  https StatusCode:403
1185 DEBUG [2018-07-26 20:25:35]  Server:nginx/1.6.1
1185 DEBUG [2018-07-26 20:25:35]  Date:Thu, 26 Jul 2018 12:27:05 GMT
1185 DEBUG [2018-07-26 20:25:35]  Content-Type:application/json;charset=UTF-8
1185 DEBUG [2018-07-26 20:25:35]  Transfer-Encoding:chunked
1185 DEBUG [2018-07-26 20:25:35]  Connection:keep-alive
1185 DEBUG [2018-07-26 20:25:35]  Vary:Accept-Encoding
1185 DEBUG [2018-07-26 20:25:35]  {"error":"User requests out of rate limit!","error_code":10023,"request":"/2/users/show.json"}

1190 DEBUG [2018-07-26 20:25:35]  Request:
1191 DEBUG [2018-07-26 20:25:35]  GET:https://api.weibo.com/2/users/show.json
1191 DEBUG [2018-07-26 20:25:35]  Authorization: OAuth2 2.00JPqsYF01fYTVdf8e3fd73e0Kuwry
1191 DEBUG [2018-07-26 20:25:35]  API-RemoteIP: 10.9.94.36
1200 DEBUG [2018-07-26 20:25:35]  Response:
1200 DEBUG [2018-07-26 20:25:35]  https StatusCode:403
1200 DEBUG [2018-07-26 20:25:35]  Server:nginx/1.6.1
1200 DEBUG [2018-07-26 20:25:35]  Date:Thu, 26 Jul 2018 12:27:05 GMT
1200 DEBUG [2018-07-26 20:25:35]  Content-Type:application/json;charset=UTF-8
1200 DEBUG [2018-07-26 20:25:35]  Transfer-Encoding:chunked
1200 DEBUG [2018-07-26 20:25:35]  Connection:keep-alive
1200 DEBUG [2018-07-26 20:25:35]  Vary:Accept-Encoding
1200 DEBUG [2018-07-26 20:25:35]  {"error":"User requests out of rate limit!","error_code":10023,"request":"/2/users/show.json"}

1204 DEBUG [2018-07-26 20:25:35]  Request:
1204 DEBUG [2018-07-26 20:25:35]  GET:https://api.weibo.com/2/users/show.json
1206 DEBUG [2018-07-26 20:25:35]  Authorization: OAuth2 2.00JPqsYF01fYTVdf8e3fd73e0Kuwry
1207 DEBUG [2018-07-26 20:25:35]  API-RemoteIP: 10.9.94.36
1224 DEBUG [2018-07-26 20:25:35]  Response:
1224 DEBUG [2018-07-26 20:25:35]  https StatusCode:403
1224 DEBUG [2018-07-26 20:25:35]  Server:nginx/1.6.1
1224 DEBUG [2018-07-26 20:25:35]  Date:Thu, 26 Jul 2018 12:27:05 GMT
1224 DEBUG [2018-07-26 20:25:35]  Content-Type:application/json;charset=UTF-8
1224 DEBUG [2018-07-26 20:25:35]  Transfer-Encoding:chunked
1224 DEBUG [2018-07-26 20:25:35]  Connection:keep-alive
1224 DEBUG [2018-07-26 20:25:35]  Vary:Accept-Encoding
1224 DEBUG [2018-07-26 20:25:35]  {"error":"User requests out of rate limit!","error_code":10023,"request":"/2/users/show.json"}

1226 DEBUG [2018-07-26 20:25:35]  Request:
1226 DEBUG [2018-07-26 20:25:35]  GET:https://api.weibo.com/2/users/show.json
1227 DEBUG [2018-07-26 20:25:35]  Authorization: OAuth2 2.00JPqsYF01fYTVdf8e3fd73e0Kuwry
1227 DEBUG [2018-07-26 20:25:35]  API-RemoteIP: 10.9.94.36
1237 DEBUG [2018-07-26 20:25:35]  Response:
1238 DEBUG [2018-07-26 20:25:35]  https StatusCode:403
1238 DEBUG [2018-07-26 20:25:35]  Server:nginx/1.6.1
1238 DEBUG [2018-07-26 20:25:35]  Date:Thu, 26 Jul 2018 12:27:05 GMT
1238 DEBUG [2018-07-26 20:25:35]  Content-Type:application/json;charset=UTF-8
1238 DEBUG [2018-07-26 20:25:35]  Transfer-Encoding:chunked
1238 DEBUG [2018-07-26 20:25:35]  Connection:keep-alive
1238 DEBUG [2018-07-26 20:25:35]  Vary:Accept-Encoding
1238 DEBUG [2018-07-26 20:25:35]  {"error":"User requests out of rate limit!","error_code":10023,"request":"/2/users/show.json"}

1239 DEBUG [2018-07-26 20:25:35]  Request:
1239 DEBUG [2018-07-26 20:25:35]  GET:https://api.weibo.com/2/users/show.json
1240 DEBUG [2018-07-26 20:25:35]  Authorization: OAuth2 2.00JPqsYF01fYTVdf8e3fd73e0Kuwry
1240 DEBUG [2018-07-26 20:25:35]  API-RemoteIP: 10.9.94.36
1250 DEBUG [2018-07-26 20:25:35]  Response:
1251 DEBUG [2018-07-26 20:25:35]  https StatusCode:403
1251 DEBUG [2018-07-26 20:25:35]  Server:nginx/1.6.1
1251 DEBUG [2018-07-26 20:25:35]  Date:Thu, 26 Jul 2018 12:27:05 GMT
1252 DEBUG [2018-07-26 20:25:35]  Content-Type:application/json;charset=UTF-8
1252 DEBUG [2018-07-26 20:25:35]  Transfer-Encoding:chunked
1252 DEBUG [2018-07-26 20:25:35]  Connection:keep-alive
1252 DEBUG [2018-07-26 20:25:35]  Vary:Accept-Encoding
1253 DEBUG [2018-07-26 20:25:35]  {"error":"User requests out of rate limit!","error_code":10023,"request":"/2/users/show.json"}

1256 DEBUG [2018-07-26 20:25:35]  Request:
1256 DEBUG [2018-07-26 20:25:35]  GET:https://api.weibo.com/2/users/show.json
1256 DEBUG [2018-07-26 20:25:35]  Authorization: OAuth2 2.00JPqsYF01fYTVdf8e3fd73e0Kuwry
1256 DEBUG [2018-07-26 20:25:35]  API-RemoteIP: 10.9.94.36
1267 DEBUG [2018-07-26 20:25:35]  Response:
1267 DEBUG [2018-07-26 20:25:35]  https StatusCode:403
1267 DEBUG [2018-07-26 20:25:35]  Server:nginx/1.6.1
1267 DEBUG [2018-07-26 20:25:35]  Date:Thu, 26 Jul 2018 12:27:05 GMT
1267 DEBUG [2018-07-26 20:25:35]  Content-Type:application/json;charset=UTF-8
1267 DEBUG [2018-07-26 20:25:35]  Transfer-Encoding:chunked
1267 DEBUG [2018-07-26 20:25:35]  Connection:keep-alive
1267 DEBUG [2018-07-26 20:25:35]  Vary:Accept-Encoding
1268 DEBUG [2018-07-26 20:25:35]  {"error":"User requests out of rate limit!","error_code":10023,"request":"/2/users/show.json"}

1274 DEBUG [2018-07-26 20:25:35]  Request:
1274 DEBUG [2018-07-26 20:25:35]  GET:https://api.weibo.com/2/users/show.json
1274 DEBUG [2018-07-26 20:25:35]  Authorization: OAuth2 2.00JPqsYF01fYTVdf8e3fd73e0Kuwry
1274 DEBUG [2018-07-26 20:25:35]  API-RemoteIP: 10.9.94.36
1288 DEBUG [2018-07-26 20:25:35]  Response:
1288 DEBUG [2018-07-26 20:25:35]  https StatusCode:403
1288 DEBUG [2018-07-26 20:25:35]  Server:nginx/1.6.1
1288 DEBUG [2018-07-26 20:25:35]  Date:Thu, 26 Jul 2018 12:27:05 GMT
1288 DEBUG [2018-07-26 20:25:35]  Content-Type:application/json;charset=UTF-8
1288 DEBUG [2018-07-26 20:25:35]  Transfer-Encoding:chunked
1288 DEBUG [2018-07-26 20:25:35]  Connection:keep-alive
1288 DEBUG [2018-07-26 20:25:35]  Vary:Accept-Encoding
1288 DEBUG [2018-07-26 20:25:35]  {"error":"User requests out of rate limit!","error_code":10023,"request":"/2/users/show.json"}

1290 DEBUG [2018-07-26 20:25:35]  Request:
1290 DEBUG [2018-07-26 20:25:35]  GET:https://api.weibo.com/2/users/show.json
1291 DEBUG [2018-07-26 20:25:35]  Authorization: OAuth2 2.00JPqsYF01fYTVdf8e3fd73e0Kuwry
1291 DEBUG [2018-07-26 20:25:35]  API-RemoteIP: 10.9.94.36
1302 DEBUG [2018-07-26 20:25:35]  Response:
1302 DEBUG [2018-07-26 20:25:35]  https StatusCode:403
1303 DEBUG [2018-07-26 20:25:35]  Server:nginx/1.6.1
1303 DEBUG [2018-07-26 20:25:35]  Date:Thu, 26 Jul 2018 12:27:05 GMT
1303 DEBUG [2018-07-26 20:25:35]  Content-Type:application/json;charset=UTF-8
1303 DEBUG [2018-07-26 20:25:35]  Transfer-Encoding:chunked
1303 DEBUG [2018-07-26 20:25:35]  Connection:keep-alive
1303 DEBUG [2018-07-26 20:25:35]  Vary:Accept-Encoding
1304 DEBUG [2018-07-26 20:25:35]  {"error":"User requests out of rate limit!","error_code":10023,"request":"/2/users/show.json"}

1306 DEBUG [2018-07-26 20:25:35]  Request:
1306 DEBUG [2018-07-26 20:25:35]  GET:https://api.weibo.com/2/users/show.json
1306 DEBUG [2018-07-26 20:25:35]  Authorization: OAuth2 2.00JPqsYF01fYTVdf8e3fd73e0Kuwry
1306 DEBUG [2018-07-26 20:25:35]  API-RemoteIP: 10.9.94.36
1324 DEBUG [2018-07-26 20:25:35]  Response:
1324 DEBUG [2018-07-26 20:25:35]  https StatusCode:403
1324 DEBUG [2018-07-26 20:25:35]  Server:nginx/1.6.1
1324 DEBUG [2018-07-26 20:25:35]  Date:Thu, 26 Jul 2018 12:27:06 GMT
1325 DEBUG [2018-07-26 20:25:35]  Content-Type:application/json;charset=UTF-8
1325 DEBUG [2018-07-26 20:25:35]  Transfer-Encoding:chunked
1325 DEBUG [2018-07-26 20:25:35]  Connection:keep-alive
1325 DEBUG [2018-07-26 20:25:35]  Vary:Accept-Encoding
1325 DEBUG [2018-07-26 20:25:35]  {"error":"User requests out of rate limit!","error_code":10023,"request":"/2/users/show.json"}

